<?xml version="1.0" encoding="UTF-8"?>
<testsuite xmlns:xsi="http://www.w3.org/2001/XMLSchema-instance" xsi:noNamespaceSchemaLocation="https://maven.apache.org/surefire/maven-surefire-plugin/xsd/surefire-test-report-3.0.xsd" version="3.0" name="TestSuite" time="0.815" tests="9" errors="0" skipped="3" failures="6">
  <properties>
[...]
</properties>
  <testcase name="setUp" classname="com.samplesite.logintest.LoginTests" time="0.561">
    <failure message="com.google.common.base.Preconditions.checkState(ZLjava/lang/String;Ljava/lang/Object;Ljava/lang/Object;Ljava/lang/Object;)V" type="java.lang.NoSuchMethodError"><![CDATA[java.lang.NoSuchMethodError: com.google.common.base.Preconditions.checkState(ZLjava/lang/String;Ljava/lang/Object;Ljava/lang/Object;Ljava/lang/Object;)V
	at com.samplesite.logintest.LoginTests.setUp(LoginTests.java:26)
]]></failure>
  </testcase>
  <testcase name="setUp" classname="com.samplesite.logintest.LoginTests" time="0.047">
    <failure message="com.google.common.base.Preconditions.checkState(ZLjava/lang/String;Ljava/lang/Object;Ljava/lang/Object;Ljava/lang/Object;)V" type="java.lang.NoSuchMethodError"><![CDATA[java.lang.NoSuchMethodError: com.google.common.base.Preconditions.checkState(ZLjava/lang/String;Ljava/lang/Object;Ljava/lang/Object;Ljava/lang/Object;)V
	at com.samplesite.logintest.LoginTests.setUp(LoginTests.java:26)
]]></failure>
  </testcase>
  <testcase name="setUp" classname="com.samplesite.logintest.LoginTests" time="0.063">
    <failure message="com.google.common.base.Preconditions.checkState(ZLjava/lang/String;Ljava/lang/Object;)V" type="java.lang.NoSuchMethodError"><![CDATA[java.lang.NoSuchMethodError: com.google.common.base.Preconditions.checkState(ZLjava/lang/String;Ljava/lang/Object;)V
	at com.samplesite.logintest.LoginTests.setUp(LoginTests.java:31)
]]></failure>
  </testcase>
  <testcase name="PositiveLoginTest" classname="com.samplesite.logintest.LoginTests" time="0">
    <skipped message="com.google.common.base.Preconditions.checkState(ZLjava/lang/String;Ljava/lang/Object;Ljava/lang/Object;Ljava/lang/Object;)V"/>
  </testcase>
  <testcase name="tearDown" classname="com.samplesite.logintest.LoginTests" time="0.002">
    <failure type="java.lang.NullPointerException"><![CDATA[java.lang.NullPointerException
	at com.samplesite.logintest.LoginTests.tearDown(LoginTests.java:144)
]]></failure>
  </testcase>
  <testcase name="tearDown" classname="com.samplesite.logintest.LoginTests" time="0.001">
    <failure type="java.lang.NullPointerException"><![CDATA[java.lang.NullPointerException
	at com.samplesite.logintest.LoginTests.tearDown(LoginTests.java:144)
]]></failure>
  </testcase>
  <testcase name="tearDown" classname="com.samplesite.logintest.LoginTests" time="0.001">
    <failure type="java.lang.NullPointerException"><![CDATA[java.lang.NullPointerException
	at com.samplesite.logintest.LoginTests.tearDown(LoginTests.java:144)
]]></failure>
  </testcase>
  <testcase name="negativeLoginTest" classname="com.samplesite.logintest.LoginTests" time="0">
    <skipped message="com.google.common.base.Preconditions.checkState(ZLjava/lang/String;Ljava/lang/Object;Ljava/lang/Object;Ljava/lang/Object;)V"/>
  </testcase>
  <testcase name="negativeLoginTest" classname="com.samplesite.logintest.LoginTests" time="0">
    <skipped message="com.google.common.base.Preconditions.checkState(ZLjava/lang/String;Ljava/lang/Object;)V"/>
  </testcase>
</testsuite>