<?xml version="1.0" encoding="UTF-8"?>
<!-- Generated by org.testng.reporters.JUnitXMLReporter -->
<testsuite hostname="DESKTOP-9GU8BET" ignored="1" name="PositiveTest" tests="1" failures="0" timestamp="2020-05-20T22:16:51 BDT" time="0.194" errors="0">
  <testcase name="PositiveLoginTest" time="0.0" classname="com.samplesite.logintest.LoginTests">
    <skipped/>
  </testcase> <!-- PositiveLoginTest -->
  <testcase name="negativeLoginTest" time="0.0" classname="com.samplesite.logintest.LoginTests">
    <ignored/>
  </testcase> <!-- negativeLoginTest -->
</testsuite> <!-- PositiveTest -->
