<?xml version="1.0" encoding="UTF-8"?>
<!-- Generated by org.testng.reporters.JUnitXMLReporter -->
<testsuite hostname="DESKTOP-9GU8BET" ignored="1" name="NegativeUsernameTest" tests="1" failures="0" timestamp="2020-05-20T19:39:35 BDT" time="0.008" errors="0">
  <testcase name="negativeLoginTest" time="0.0" classname="com.samplesite.logintest.LoginTests">
    <skipped/>
  </testcase> <!-- negativeLoginTest -->
  <testcase name="PositiveLoginTest" time="0.0" classname="com.samplesite.logintest.LoginTests">
    <ignored/>
  </testcase> <!-- PositiveLoginTest -->
</testsuite> <!-- NegativeUsernameTest -->
