<?xml version="1.0" encoding="UTF-8"?>
<!-- Generated by org.testng.reporters.JUnitXMLReporter -->
<testsuite hostname="DESKTOP-9GU8BET" ignored="0" name="Test" tests="3" failures="0" timestamp="2020-04-23T01:03:34 BDT" time="0.105" errors="0">
  <testcase name="wordpressrun" time="0.018" classname="failedtestrun.Testcase3"/>
  <testcase name="instarun" time="0.003" classname="failedtestrun.Testcase2"/>
  <testcase name="fbrun" time="0.004" classname="failedtestrun.Testcase1"/>
</testsuite> <!-- Test -->
