<?xml version="1.0" encoding="UTF-8"?>
<!-- Generated by org.testng.reporters.JUnitXMLReporter -->
<testsuite hostname="DESKTOP-9GU8BET" ignored="1" name="negativeIDPassTest" tests="1" failures="1" timestamp="2020-05-21T18:56:57 BDT" time="18.706" errors="0">
  <testcase name="negativeTest" time="1.211" classname="ucam.uap.bd.edu.LoginAutoTest">
    <failure type="java.lang.AssertionError" message="actual msg does not contain expected msg expected [true] but found [false]">
      <![CDATA[java.lang.AssertionError: actual msg does not contain expected msg expected [true] but found [false]
at ucam.uap.bd.edu.LoginAutoTest.negativeTest(LoginAutoTest.java:108)
at java.util.ArrayList.forEach(ArrayList.java:1249)
... Removed 30 stack frames]]>
    </failure>
  </testcase> <!-- negativeTest -->
  <testcase name="positiveTest" time="0.0" classname="ucam.uap.bd.edu.LoginAutoTest">
    <ignored/>
  </testcase> <!-- positiveTest -->
</testsuite> <!-- negativeIDPassTest -->
